<?xml version="1.0" encoding="UTF-8"?><testsuite errors="1" failures="0" name="From" skipped="0" tests="1" time="15.42" timestamp="2025-01-22 01:17:34"><testcase name="Form practice"><error message="Arity mismatch: Step Definition 'co.com.demoqa.stepsdefinitions.FormStepsDefinitions.theUserEnterTheCredential() in file:/C:/Users/KevinDavidAnayaNegre/Documents/SCRENPLAY/DEMOQA/build/classes/java/test/' with pattern [^the user enter the credential$] is declared with 0 parameters. However, the gherkin step has 1 arguments [Table:[[name, lastname, email, mobile, subjects, Address], [kevintest, davidtest, kdavid@test.com, 123, testtes, monteria]]]. &#10;Step text: the user enter the credential" type="cucumber.runtime.CucumberException">Arity mismatch: Step Definition 'co.com.demoqa.stepsdefinitions.FormStepsDefinitions.theUserEnterTheCredential() in file:/C:/Users/KevinDavidAnayaNegre/Documents/SCRENPLAY/DEMOQA/build/classes/java/test/' with pattern [^the user enter the credential$] is declared with 0 parameters. However, the gherkin step has 1 arguments [Table:[[name, lastname, email, mobile, subjects, Address], [kevintest, davidtest, kdavid@test.com, 123, testtes, monteria]]]. 
Step text: the user enter the credential</error><system-err>Arity mismatch: Step Definition 'co.com.demoqa.stepsdefinitions.FormStepsDefinitions.theUserEnterTheCredential() in file:/C:/Users/KevinDavidAnayaNegre/Documents/SCRENPLAY/DEMOQA/build/classes/java/test/' with pattern [^the user enter the credential$] is declared with 0 parameters. However, the gherkin step has 1 arguments [Table:[[name, lastname, email, mobile, subjects, Address], [kevintest, davidtest, kdavid@test.com, 123, testtes, monteria]]]. 
Step text: the user enter the credential&#13;
cucumber.runner.Runner.runPickle(Runner.java:80)&#13;
worker.org.gradle.process.internal.worker.GradleWorkerMain.run(GradleWorkerMain.java:69)&#13;
worker.org.gradle.process.internal.worker.GradleWorkerMain.main(GradleWorkerMain.java:74)&#13;
</system-err></testcase></testsuite>